#
# A fatal error has been detected by the Java Runtime Environment:
#
#  SIGSEGV (0xb) at pc=0x00007fe577497412, pid=8024, tid=0x00007fe57586e700
#
# JRE version: OpenJDK Runtime Environment (8.0_152-b01) (build 1.8.0_152-release-1248-b01)
# Java VM: OpenJDK 64-Bit Server VM (25.152-b01 mixed mode linux-amd64 compressed oops)
# Problematic frame:
# V  [libjvm.so+0x929412]  oopDesc* PSPromotionManager::copy_to_survivor_space<false>(oopDesc*)+0x3b2
#
# Failed to write core dump. Core dumps have been disabled. To enable core dumping, try "ulimit -c unlimited" before starting Java again
#
# If you would like to submit a bug report, please visit:
#   http://bugreport.java.com/bugreport/crash.jsp
#

---------------  T H R E A D  ---------------

Current thread (0x00007fe570022800):  GCTaskThread [stack: 0x00007fe57576f000,0x00007fe57586f000] [id=8029]

siginfo: si_signo: 11 (SIGSEGV), si_code: 1 (SEGV_MAPERR), si_addr: 0x0000000752c35fc8

Registers:
RAX=0x0000000752c35fc0, RBX=0x00000000ed3c4338, RCX=0x0000000000000003, RDX=0x0000000000000001
RSP=0x00007fe57586dbe0, RBP=0x00007fe57586dc70, RSI=0x00000000ed3c4338, RDI=0x00007fe570075dc0
R8 =0x00007fe51c00a03d, R9 =0x00007fe577aaa610, R10=0x00007fe577a82820, R11=0x00000000f7bc33c0
R12=0x00007fe570075dc0, R13=0x0000000000000000, R14=0x00007fe570075e28, R15=0x00007fe577a82830
RIP=0x00007fe577497412, EFLAGS=0x0000000000010206, CSGSFS=0x002b000000000033, ERR=0x0000000000000004
  TRAPNO=0x000000000000000e

Top of Stack: (sp=0x00007fe57586dbe0)
0x00007fe57586dbe0:   00007fe57586dc70 00007fe577496081
0x00007fe57586dbf0:   00007fe57586dc40 0000000000000028
0x00007fe57586dc00:   00007fe500000005 000000000000003d
0x00007fe57586dc10:   00000000f7bbb930 0000000000001000
0x00007fe57586dc20:   00007fe577eacd40 00007fe57586dc40
0x00007fe57586dc30:   00007fe570075dc0 0000000000000000
0x00007fe57586dc40:   0000000000000180 00007fe570075dc0
0x00007fe57586dc50:   00000000f7bc35c4 0000000000000000
0x00007fe57586dc60:   00007fe570075e28 00007fe577a82830
0x00007fe57586dc70:   00007fe57586dcc0 00007fe577496c88
0x00007fe57586dc80:   00007fe570023628 00007fe570023650
0x00007fe57586dc90:   00007fe570020170 00000000a21b2400
0x00007fe57586dca0:   00007fe57000fdd0 0000000000000240
0x00007fe57586dcb0:   00007fe575b80e01 00007fe575b80d92
0x00007fe57586dcc0:   00007fe57586dd80 00007fe576f2e34e
0x00007fe57586dcd0:   00007fe570075e28 00007fe575b80e00
0x00007fe57586dce0:   00007fe575b70180 0000000000000180
0x00007fe57586dcf0:   00007fe575b70000 00007fe570075dc0
0x00007fe57586dd00:   00000000a21b2428 00000000a9eb5dd0
0x00007fe57586dd10:   00000000a21c0010 00007fe575b80d80
0x00007fe57586dd20:   0000000000000200 00007fe575b80d80
0x00007fe57586dd30:   00007fe575bbf5af 00007fe575b80c00
0x00007fe57586dd40:   00007fe575b80d92 00007fe57000fb10
0x00007fe57586dd50:   0000000000000001 00007fe5700282f0
0x00007fe57586dd60:   00007fe570075dc0 00007fe570022800
0x00007fe57586dd70:   0000000000000000 00007fe577aa05a8
0x00007fe57586dd80:   00007fe57586ddb0 00007fe57749ad69
0x00007fe57586dd90:   0000000000000004 00007fe57749ad31
0x00007fe57586dda0:   0000000000000001 00007fe5700282f0
0x00007fe57586ddb0:   00007fe57586dec0 00007fe577112f36
0x00007fe57586ddc0:   00000000000003d8 00007fe570022a60
0x00007fe57586ddd0:   00007fe570022e88 00007fe570022ab0 

Instructions: (pc=0x00007fe577497412)
0x00007fe5774973f2:   ff ff 0f 1f 40 00 4c 8d 15 21 b4 5e 00 8b 46 08
0x00007fe577497402:   48 89 f3 49 89 fc 41 8b 4a 08 48 d3 e0 49 03 02
0x00007fe577497412:   8b 48 08 83 f9 00 0f 8f 92 fd ff ff 0f 84 0c fe
0x00007fe577497422:   ff ff 80 fa 01 48 8d 15 3e a8 5d 00 48 19 c0 83 

Register to memory mapping:

RAX=0x0000000752c35fc0 is an unknown value
RBX=0x00000000ed3c4338 is an oop

[error occurred during error reporting (printing register info), id 0xb]

Stack: [0x00007fe57576f000,0x00007fe57586f000],  sp=0x00007fe57586dbe0,  free space=1018k
Native frames: (J=compiled Java code, j=interpreted, Vv=VM code, C=native code)
V  [libjvm.so+0x929412]  oopDesc* PSPromotionManager::copy_to_survivor_space<false>(oopDesc*)+0x3b2
V  [libjvm.so+0x928c88]  PSPromotionManager::drain_stacks_depth(bool)+0x768
V  [libjvm.so+0x3c034e]  CardTableExtension::scavenge_contents_parallel(ObjectStartArray*, MutableSpace*, HeapWord*, PSPromotionManager*, unsigned int, unsigned int)+0x88e
V  [libjvm.so+0x92cd69]  OldToYoungRootsTask::do_it(GCTaskManager*, unsigned int)+0x49
V  [libjvm.so+0x5a4f36]  GCTaskThread::run()+0x1b6
V  [libjvm.so+0x8b3322]  java_start(Thread*)+0x102


---------------  P R O C E S S  ---------------

Java Threads: ( => current thread )
  0x00007fe4e4210000 JavaThread "RMI RenewClean-[127.0.0.1:37061,org.jetbrains.kotlin.daemon.common.LoopbackNetworkInterface$ClientLoopbackSocketFactory@27763b8d]" daemon [_thread_blocked, id=26994, stack(0x00007fe4fa2d0000,0x00007fe4fa3d1000)]
  0x00007fe4f400e800 JavaThread "RMI RenewClean-[127.0.0.1:37061,org.jetbrains.kotlin.daemon.common.LoopbackNetworkInterface$ClientLoopbackSocketFactory@94a3418]" daemon [_thread_blocked, id=26974, stack(0x00007fe4fbeff000,0x00007fe4fc000000)]
  0x00007fe4f0088000 JavaThread "RMI RenewClean-[127.0.0.1:37061,org.jetbrains.kotlin.daemon.common.LoopbackNetworkInterface$ClientLoopbackSocketFactory@4103969]" daemon [_thread_blocked, id=24756, stack(0x00007fe553cfd000,0x00007fe553dfe000)]
  0x00007fe4e80df800 JavaThread "RMI RenewClean-[127.0.0.1:37061,org.jetbrains.kotlin.daemon.common.LoopbackNetworkInterface$ClientLoopbackSocketFactory@59ec8e12]" daemon [_thread_blocked, id=23398, stack(0x00007fe5538fb000,0x00007fe5539fc000)]
  0x00007fe51000d800 JavaThread "RMI Scheduler(0)" daemon [_thread_blocked, id=8049, stack(0x00007fe5539fc000,0x00007fe553afd000)]
  0x00007fe57000b000 JavaThread "DestroyJavaVM" [_thread_blocked, id=8027, stack(0x00007fe5768d8000,0x00007fe5769d8000)]
  0x00007fe570413800 JavaThread "GC Daemon" daemon [_thread_blocked, id=8047, stack(0x00007fe553dfe000,0x00007fe553eff000)]
  0x00007fe57040d000 JavaThread "RMI Reaper" [_thread_blocked, id=8046, stack(0x00007fe553eff000,0x00007fe554000000)]
  0x00007fe570402000 JavaThread "Timer-0" daemon [_thread_blocked, id=8044, stack(0x00007fe558163000,0x00007fe558264000)]
  0x00007fe5703fe800 JavaThread "RMI TCP Accept-17695" daemon [_thread_in_native, id=8043, stack(0x00007fe558264000,0x00007fe558365000)]
  0x00007fe5700c9000 JavaThread "Service Thread" daemon [_thread_blocked, id=8039, stack(0x00007fe558cfd000,0x00007fe558dfe000)]
  0x00007fe5700be000 JavaThread "C1 CompilerThread2" daemon [_thread_blocked, id=8038, stack(0x00007fe558dff000,0x00007fe558eff000)]
  0x00007fe5700bc000 JavaThread "C2 CompilerThread1" daemon [_thread_blocked, id=8037, stack(0x00007fe558f00000,0x00007fe559000000)]
  0x00007fe5700b9800 JavaThread "C2 CompilerThread0" daemon [_thread_blocked, id=8036, stack(0x00007fe5600b2000,0x00007fe5601b2000)]
  0x00007fe5700b7800 JavaThread "Signal Dispatcher" daemon [_thread_blocked, id=8035, stack(0x00007fe5601b2000,0x00007fe5602b3000)]
  0x00007fe570085000 JavaThread "Finalizer" daemon [_thread_blocked, id=8034, stack(0x00007fe560471000,0x00007fe560572000)]
  0x00007fe570080800 JavaThread "Reference Handler" daemon [_thread_blocked, id=8033, stack(0x00007fe560572000,0x00007fe560673000)]

Other Threads:
  0x00007fe570078800 VMThread [stack: 0x00007fe560674000,0x00007fe560774000] [id=8032]
  0x00007fe5700cb800 WatcherThread [stack: 0x00007fe558bfd000,0x00007fe558cfd000] [id=8040]

=>0x00007fe570022800 (exited) GCTaskThread [stack: 0x00007fe57576f000,0x00007fe57586f000] [id=8029]

VM state:at safepoint (normal execution)

VM Mutex/Monitor currently owned by a thread:  ([mutex/lock_event])
[0x00007fe570009890] Threads_lock - owner thread: 0x00007fe570078800
[0x00007fe570009d90] Heap_lock - owner thread: 0x00007fe570413800

Heap:
 PSYoungGen      total 349696K, used 297964K [0x00000000e0000000, 0x0000000100000000, 0x0000000100000000)
  eden space 175104K, 70% used [0x00000000e0000000,0x00000000e78827e0,0x00000000eab00000)
  from space 174592K, 99% used [0x00000000eab00000,0x00000000f5578c08,0x00000000f5580000)
  to   space 174592K, 80% used [0x00000000f5580000,0x00000000fdf3fec0,0x0000000100000000)
 ParOldGen       total 295936K, used 162519K [0x00000000a0000000, 0x00000000b2100000, 0x00000000e0000000)
  object space 295936K, 54% used [0x00000000a0000000,0x00000000a9eb5dd0,0x00000000b2100000)
 Metaspace       used 166287K, capacity 170305K, committed 171736K, reserved 1200128K
  class space    used 19755K, capacity 20661K, committed 20992K, reserved 1048576K

Card table byte_map: [0x00007fe575b70000,0x00007fe575e71000] byte_map_base: 0x00007fe575670000

Marking Bits: (ParMarkBitMap*) 0x00007fe577aaa160
 Begin Bits: [0x00007fe559000000, 0x00007fe55a800000)
 End Bits:   [0x00007fe55a800000, 0x00007fe55c000000)

Polling page: 0x00007fe57648a000

CodeCache: size=245760Kb used=83548Kb max_used=83657Kb free=162211Kb
 bounds [0x00007fe561000000, 0x00007fe566240000, 0x00007fe570000000]
 total_blobs=23563 nmethods=22979 adapters=493
 compilation: enabled

Compilation events (10 events):
Event: 6718.592 Thread 0x00007fe5700be000 30328       3       java.util.concurrent.ScheduledThreadPoolExecutor$ScheduledFutureTask::run (59 bytes)
Event: 6718.593 Thread 0x00007fe5700be000 nmethod 30328 0x00007fe565f60ad0 code [0x00007fe565f60ce0, 0x00007fe565f61568]
Event: 6718.593 Thread 0x00007fe5700be000 30329       3       java.util.concurrent.ScheduledThreadPoolExecutor$ScheduledFutureTask::isPeriodic (15 bytes)
Event: 6718.593 Thread 0x00007fe5700be000 nmethod 30329 0x00007fe5635df750 code [0x00007fe5635df8c0, 0x00007fe5635dfa70]
Event: 6818.712 Thread 0x00007fe5700be000 30330       3       java.security.Security::getImpl (31 bytes)
Event: 6818.713 Thread 0x00007fe5700be000 nmethod 30330 0x00007fe561c9d310 code [0x00007fe561c9d540, 0x00007fe561c9e378]
Event: 6818.713 Thread 0x00007fe5700be000 30331   !   3       java.security.Security::getSpiClass (72 bytes)
Event: 6818.714 Thread 0x00007fe5700be000 nmethod 30331 0x00007fe562fa8a10 code [0x00007fe562fa8c80, 0x00007fe562fa9a48]
Event: 6818.714 Thread 0x00007fe5700be000 30332       3       java.security.MessageDigest$Delegate::<init> (11 bytes)
Event: 6818.715 Thread 0x00007fe5700be000 nmethod 30332 0x00007fe56391da90 code [0x00007fe56391dc00, 0x00007fe56391deb0]

GC Heap History (10 events):
Event: 3526.271 GC heap after
Heap after GC invocations=45 (full 6):
 PSYoungGen      total 377344K, used 82295K [0x00000000e0000000, 0x0000000100000000, 0x0000000100000000)
  eden space 294912K, 0% used [0x00000000e0000000,0x00000000e0000000,0x00000000f2000000)
  from space 82432K, 99% used [0x00000000f2000000,0x00000000f705df38,0x00000000f7080000)
  to   space 118272K, 0% used [0x00000000f8c80000,0x00000000f8c80000,0x0000000100000000)
 ParOldGen       total 295936K, used 79958K [0x00000000a0000000, 0x00000000b2100000, 0x00000000e0000000)
  object space 295936K, 27% used [0x00000000a0000000,0x00000000a4e15868,0x00000000b2100000)
 Metaspace       used 152258K, capacity 155977K, committed 171736K, reserved 1200128K
  class space    used 18044K, capacity 18845K, committed 20992K, reserved 1048576K
}
Event: 3528.720 GC heap before
{Heap before GC invocations=46 (full 6):
 PSYoungGen      total 377344K, used 377207K [0x00000000e0000000, 0x0000000100000000, 0x0000000100000000)
  eden space 294912K, 100% used [0x00000000e0000000,0x00000000f2000000,0x00000000f2000000)
  from space 82432K, 99% used [0x00000000f2000000,0x00000000f705df38,0x00000000f7080000)
  to   space 118272K, 0% used [0x00000000f8c80000,0x00000000f8c80000,0x0000000100000000)
 ParOldGen       total 295936K, used 79958K [0x00000000a0000000, 0x00000000b2100000, 0x00000000e0000000)
  object space 295936K, 27% used [0x00000000a0000000,0x00000000a4e15868,0x00000000b2100000)
 Metaspace       used 158334K, capacity 162125K, committed 171736K, reserved 1200128K
  class space    used 18794K, capacity 19597K, committed 20992K, reserved 1048576K
Event: 3528.871 GC heap after
Heap after GC invocations=46 (full 6):
 PSYoungGen      total 351744K, used 118249K [0x00000000e0000000, 0x0000000100000000, 0x0000000100000000)
  eden space 233472K, 0% used [0x00000000e0000000,0x00000000e0000000,0x00000000ee400000)
  from space 118272K, 99% used [0x00000000f8c80000,0x00000000ffffa630,0x0000000100000000)
  to   space 145408K, 0% used [0x00000000ee400000,0x00000000ee400000,0x00000000f7200000)
 ParOldGen       total 295936K, used 112057K [0x00000000a0000000, 0x00000000b2100000, 0x00000000e0000000)
  object space 295936K, 37% used [0x00000000a0000000,0x00000000a6d6e7a0,0x00000000b2100000)
 Metaspace       used 158334K, capacity 162125K, committed 171736K, reserved 1200128K
  class space    used 18794K, capacity 19597K, committed 20992K, reserved 1048576K
}
Event: 3999.460 GC heap before
{Heap before GC invocations=47 (full 6):
 PSYoungGen      total 351744K, used 351721K [0x00000000e0000000, 0x0000000100000000, 0x0000000100000000)
  eden space 233472K, 100% used [0x00000000e0000000,0x00000000ee400000,0x00000000ee400000)
  from space 118272K, 99% used [0x00000000f8c80000,0x00000000ffffa630,0x0000000100000000)
  to   space 145408K, 0% used [0x00000000ee400000,0x00000000ee400000,0x00000000f7200000)
 ParOldGen       total 295936K, used 112057K [0x00000000a0000000, 0x00000000b2100000, 0x00000000e0000000)
  object space 295936K, 37% used [0x00000000a0000000,0x00000000a6d6e7a0,0x00000000b2100000)
 Metaspace       used 159226K, capacity 163109K, committed 171736K, reserved 1200128K
  class space    used 18903K, capacity 19773K, committed 20992K, reserved 1048576K
Event: 3999.612 GC heap after
Heap after GC invocations=47 (full 6):
 PSYoungGen      total 374784K, used 141133K [0x00000000e0000000, 0x0000000100000000, 0x0000000100000000)
  eden space 233472K, 0% used [0x00000000e0000000,0x00000000e0000000,0x00000000ee400000)
  from space 141312K, 99% used [0x00000000ee400000,0x00000000f6dd37c8,0x00000000f6e00000)
  to   space 149504K, 0% used [0x00000000f6e00000,0x00000000f6e00000,0x0000000100000000)
 ParOldGen       total 295936K, used 112065K [0x00000000a0000000, 0x00000000b2100000, 0x00000000e0000000)
  object space 295936K, 37% used [0x00000000a0000000,0x00000000a6d707a0,0x00000000b2100000)
 Metaspace       used 159226K, capacity 163109K, committed 171736K, reserved 1200128K
  class space    used 18903K, capacity 19773K, committed 20992K, reserved 1048576K
}
Event: 4002.868 GC heap before
{Heap before GC invocations=48 (full 6):
 PSYoungGen      total 374784K, used 374605K [0x00000000e0000000, 0x0000000100000000, 0x0000000100000000)
  eden space 233472K, 100% used [0x00000000e0000000,0x00000000ee400000,0x00000000ee400000)
  from space 141312K, 99% used [0x00000000ee400000,0x00000000f6dd37c8,0x00000000f6e00000)
  to   space 149504K, 0% used [0x00000000f6e00000,0x00000000f6e00000,0x0000000100000000)
 ParOldGen       total 295936K, used 112065K [0x00000000a0000000, 0x00000000b2100000, 0x00000000e0000000)
  object space 295936K, 37% used [0x00000000a0000000,0x00000000a6d707a0,0x00000000b2100000)
 Metaspace       used 165698K, capacity 169673K, committed 171736K, reserved 1200128K
  class space    used 19694K, capacity 20557K, committed 20992K, reserved 1048576K
Event: 4003.210 GC heap after
Heap after GC invocations=48 (full 6):
 PSYoungGen      total 324608K, used 149482K [0x00000000e0000000, 0x0000000100000000, 0x0000000100000000)
  eden space 175104K, 0% used [0x00000000e0000000,0x00000000e0000000,0x00000000eab00000)
  from space 149504K, 99% used [0x00000000f6e00000,0x00000000ffffa9f0,0x0000000100000000)
  to   space 174592K, 0% used [0x00000000eab00000,0x00000000eab00000,0x00000000f5580000)
 ParOldGen       total 295936K, used 152877K [0x00000000a0000000, 0x00000000b2100000, 0x00000000e0000000)
  object space 295936K, 51% used [0x00000000a0000000,0x00000000a954b570,0x00000000b2100000)
 Metaspace       used 165698K, capacity 169673K, committed 171736K, reserved 1200128K
  class space    used 19694K, capacity 20557K, committed 20992K, reserved 1048576K
}
Event: 4003.904 GC heap before
{Heap before GC invocations=49 (full 6):
 PSYoungGen      total 324608K, used 324586K [0x00000000e0000000, 0x0000000100000000, 0x0000000100000000)
  eden space 175104K, 100% used [0x00000000e0000000,0x00000000eab00000,0x00000000eab00000)
  from space 149504K, 99% used [0x00000000f6e00000,0x00000000ffffa9f0,0x0000000100000000)
  to   space 174592K, 0% used [0x00000000eab00000,0x00000000eab00000,0x00000000f5580000)
 ParOldGen       total 295936K, used 152877K [0x00000000a0000000, 0x00000000b2100000, 0x00000000e0000000)
  object space 295936K, 51% used [0x00000000a0000000,0x00000000a954b570,0x00000000b2100000)
 Metaspace       used 166084K, capacity 170177K, committed 171736K, reserved 1200128K
  class space    used 19747K, capacity 20661K, committed 20992K, reserved 1048576K
Event: 4004.103 GC heap after
Heap after GC invocations=49 (full 6):
 PSYoungGen      total 349696K, used 174563K [0x00000000e0000000, 0x0000000100000000, 0x0000000100000000)
  eden space 175104K, 0% used [0x00000000e0000000,0x00000000e0000000,0x00000000eab00000)
  from space 174592K, 99% used [0x00000000eab00000,0x00000000f5578c08,0x00000000f5580000)
  to   space 174592K, 0% used [0x00000000f5580000,0x00000000f5580000,0x0000000100000000)
 ParOldGen       total 295936K, used 162519K [0x00000000a0000000, 0x00000000b2100000, 0x00000000e0000000)
  object space 295936K, 54% used [0x00000000a0000000,0x00000000a9eb5dd0,0x00000000b2100000)
 Metaspace       used 166084K, capacity 170177K, committed 171736K, reserved 1200128K
  class space    used 19747K, capacity 20661K, committed 20992K, reserved 1048576K
}
Event: 6828.961 GC heap before
{Heap before GC invocations=50 (full 6):
 PSYoungGen      total 349696K, used 297964K [0x00000000e0000000, 0x0000000100000000, 0x0000000100000000)
  eden space 175104K, 70% used [0x00000000e0000000,0x00000000e78827e0,0x00000000eab00000)
  from space 174592K, 99% used [0x00000000eab00000,0x00000000f5578c08,0x00000000f5580000)
  to   space 174592K, 0% used [0x00000000f5580000,0x00000000f5580000,0x0000000100000000)
 ParOldGen       total 295936K, used 162519K [0x00000000a0000000, 0x00000000b2100000, 0x00000000e0000000)
  object space 295936K, 54% used [0x00000000a0000000,0x00000000a9eb5dd0,0x00000000b2100000)
 Metaspace       used 166287K, capacity 170305K, committed 171736K, reserved 1200128K
  class space    used 19755K, capacity 20661K, committed 20992K, reserved 1048576K

Deoptimization events (10 events):
Event: 3527.057 Thread 0x00007fe51c003000 Uncommon trap: reason=array_check action=maybe_recompile pc=0x00007fe5638bc394 method=java.util.ComparableTimSort.mergeHi(IIII)V @ 171
Event: 3527.725 Thread 0x00007fe51c003000 Uncommon trap: reason=unstable_if action=reinterpret pc=0x00007fe565f61200 method=org.sqlite.SQLiteJDBCLoader.contentsEquals(Ljava/io/InputStream;Ljava/io/InputStream;)Z @ 39
Event: 3529.568 Thread 0x00007fe51c007800 Uncommon trap: reason=bimorphic action=maybe_recompile pc=0x00007fe563f2b130 method=org.jetbrains.kotlin.resolve.OverridingUtil.extractAndBindOverridesForMember(Lorg/jetbrains/kotlin/descriptors/CallableMemberDescriptor;Ljava/util/Collection;Lorg/jetbrain
Event: 3529.609 Thread 0x00007fe51c007800 Uncommon trap: reason=class_check action=maybe_recompile pc=0x00007fe565f3d7d8 method=org.jetbrains.kotlin.resolve.descriptorUtil.DescriptorUtilsKt.isAnnotationConstructor(Lorg/jetbrains/kotlin/descriptors/DeclarationDescriptor;)Z @ 22
Event: 3529.609 Thread 0x00007fe51c007800 Uncommon trap: reason=class_check action=maybe_recompile pc=0x00007fe565f3d7d8 method=org.jetbrains.kotlin.resolve.descriptorUtil.DescriptorUtilsKt.isAnnotationConstructor(Lorg/jetbrains/kotlin/descriptors/DeclarationDescriptor;)Z @ 22
Event: 3529.609 Thread 0x00007fe51c007800 Uncommon trap: reason=class_check action=maybe_recompile pc=0x00007fe565f3d7d8 method=org.jetbrains.kotlin.resolve.descriptorUtil.DescriptorUtilsKt.isAnnotationConstructor(Lorg/jetbrains/kotlin/descriptors/DeclarationDescriptor;)Z @ 22
Event: 3529.609 Thread 0x00007fe51c007800 Uncommon trap: reason=class_check action=maybe_recompile pc=0x00007fe565f3d7d8 method=org.jetbrains.kotlin.resolve.descriptorUtil.DescriptorUtilsKt.isAnnotationConstructor(Lorg/jetbrains/kotlin/descriptors/DeclarationDescriptor;)Z @ 22
Event: 3998.947 Thread 0x00007fe51c003000 Uncommon trap: reason=unstable_if action=reinterpret pc=0x00007fe565c49a98 method=sun.nio.cs.StreamEncoder.write([CII)V @ 49
Event: 3999.173 Thread 0x00007fe51c003000 Uncommon trap: reason=unstable_if action=reinterpret pc=0x00007fe565c8bae8 method=sun.nio.cs.StreamEncoder.write([CII)V @ 49
Event: 4001.943 Thread 0x00007fe51c001800 Uncommon trap: reason=unstable_if action=reinterpret pc=0x00007fe565f11d80 method=org.sqlite.SQLiteJDBCLoader.contentsEquals(Ljava/io/InputStream;Ljava/io/InputStream;)Z @ 39

Classes redefined (0 events):
No events

Internal exceptions (10 events):
Event: 3999.084 Thread 0x00007fe51c003000 Exception <a 'sun/nio/fs/UnixException'> (0x00000000eabca398) thrown at [/usr/local/google/home/ralucas/source/AOSP-openjdk-git/jdk8u/hotspot/src/share/vm/prims/jni.cpp, line 709]
Event: 3999.084 Thread 0x00007fe51c003000 Exception <a 'java/io/FileNotFoundException'> (0x00000000eabcb940) thrown at [/usr/local/google/home/ralucas/source/AOSP-openjdk-git/jdk8u/hotspot/src/share/vm/prims/jni.cpp, line 709]
Event: 3999.084 Thread 0x00007fe51c003000 Exception <a 'java/io/FileNotFoundException'> (0x00000000eabcd210) thrown at [/usr/local/google/home/ralucas/source/AOSP-openjdk-git/jdk8u/hotspot/src/share/vm/prims/jni.cpp, line 709]
Event: 4000.276 Thread 0x00007fe4f400e800 Exception <a 'java/lang/InterruptedException'> (0x00000000e11889d8) thrown at [/usr/local/google/home/ralucas/source/AOSP-openjdk-git/jdk8u/hotspot/src/share/vm/runtime/objectMonitor.cpp, line 1684]
Event: 4003.591 Thread 0x00007fe4e4210000 Exception <a 'java/lang/InterruptedException'> (0x00000000e75959f8) thrown at [/usr/local/google/home/ralucas/source/AOSP-openjdk-git/jdk8u/hotspot/src/share/vm/runtime/objectMonitor.cpp, line 1684]
Event: 4003.651 Thread 0x00007fe51c007800 Exception <a 'java/io/FileNotFoundException'> (0x00000000e75859c8) thrown at [/usr/local/google/home/ralucas/source/AOSP-openjdk-git/jdk8u/hotspot/src/share/vm/prims/jni.cpp, line 709]
Event: 4003.651 Thread 0x00007fe51c007800 Exception <a 'sun/nio/fs/UnixException'> (0x00000000e7586ec0) thrown at [/usr/local/google/home/ralucas/source/AOSP-openjdk-git/jdk8u/hotspot/src/share/vm/prims/jni.cpp, line 709]
Event: 4003.651 Thread 0x00007fe51c007800 Exception <a 'sun/nio/fs/UnixException'> (0x00000000e758aff0) thrown at [/usr/local/google/home/ralucas/source/AOSP-openjdk-git/jdk8u/hotspot/src/share/vm/prims/jni.cpp, line 709]
Event: 4003.651 Thread 0x00007fe51c007800 Exception <a 'java/io/FileNotFoundException'> (0x00000000e758c518) thrown at [/usr/local/google/home/ralucas/source/AOSP-openjdk-git/jdk8u/hotspot/src/share/vm/prims/jni.cpp, line 709]
Event: 4003.652 Thread 0x00007fe51c007800 Exception <a 'java/io/FileNotFoundException'> (0x00000000e758dcd8) thrown at [/usr/local/google/home/ralucas/source/AOSP-openjdk-git/jdk8u/hotspot/src/share/vm/prims/jni.cpp, line 709]

Events (10 events):
Event: 6703.569 Executing VM operation: RevokeBias
Event: 6703.569 Executing VM operation: RevokeBias done
Event: 6715.282 Executing VM operation: RevokeBias
Event: 6715.282 Executing VM operation: RevokeBias done
Event: 6718.592 Executing VM operation: RevokeBias
Event: 6718.592 Executing VM operation: RevokeBias done
Event: 6773.805 Thread 0x00007fe51c005000 Thread exited: 0x00007fe51c005000
Event: 6775.244 Thread 0x00007fe51c001800 Thread exited: 0x00007fe51c001800
Event: 6778.570 Thread 0x00007fe51c003000 Thread exited: 0x00007fe51c003000
Event: 6828.961 Executing VM operation: ParallelGCSystemGC


Dynamic libraries:
a0000000-b2100000 rw-p 00000000 00:00 0 
b2100000-e0000000 ---p 00000000 00:00 0 
e0000000-100000000 rw-p 00000000 00:00 0 
100000000-101480000 rw-p 00000000 00:00 0 
101480000-140000000 ---p 00000000 00:00 0 
559332a08000-559332a09000 r-xp 00000000 fe:02 1573338                    /nix/store/hzcssl60d0wh59z3vbd1a9vpgh8f3nym-android-studio-stable-3.3.1.0/jre/jre/bin/java
559332c08000-559332c09000 r--p 00000000 fe:02 1573338                    /nix/store/hzcssl60d0wh59z3vbd1a9vpgh8f3nym-android-studio-stable-3.3.1.0/jre/jre/bin/java
559332c09000-559332c0a000 rw-p 00001000 fe:02 1573338                    /nix/store/hzcssl60d0wh59z3vbd1a9vpgh8f3nym-android-studio-stable-3.3.1.0/jre/jre/bin/java
559332cf9000-559332d1a000 rw-p 00000000 00:00 0                          [heap]
7fe4d8000000-7fe4d82f8000 rw-p 00000000 00:00 0 
7fe4d82f8000-7fe4dc000000 ---p 00000000 00:00 0 
7fe4dc161000-7fe4dc297000 rw-p 00000000 00:00 0 
7fe4dc297000-7fe4dc361000 ---p 00000000 00:00 0 
7fe4dc361000-7fe4dc561000 rw-p 00000000 00:00 0 
7fe4dc84b000-7fe4dca4b000 rw-p 00000000 00:00 0 
7fe4dca4b000-7fe4dcc4b000 rw-p 00000000 00:00 0 
7fe4dcc4b000-7fe4dce4b000 rw-p 00000000 00:00 0 
7fe4dce4b000-7fe4dd04b000 rw-p 00000000 00:00 0 
7fe4dd335000-7fe4dd535000 rw-p 00000000 00:00 0 
7fe4dd535000-7fe4dd735000 rw-p 00000000 00:00 0 
7fe4dd735000-7fe4dd935000 rw-p 00000000 00:00 0 
7fe4dda56000-7fe4dda59000 ---p 00000000 00:00 0 
7fe4dda59000-7fe4ddb57000 rw-p 00000000 00:00 0 
7fe4ddb57000-7fe4ddb5a000 ---p 00000000 00:00 0 
7fe4ddb5a000-7fe4dde58000 rw-p 00000000 00:00 0 
7fe4dde58000-7fe4de058000 rw-p 00000000 00:00 0 
7fe4de342000-7fe4de542000 rw-p 00000000 00:00 0 
7fe4de542000-7fe4de742000 rw-p 00000000 00:00 0 
7fe4de742000-7fe4de942000 rw-p 00000000 00:00 0 
7fe4dec2c000-7fe4dee2c000 rw-p 00000000 00:00 0 
7fe4dee2c000-7fe4df02c000 rw-p 00000000 00:00 0 
7fe4df02c000-7fe4df22c000 rw-p 00000000 00:00 0 
7fe4df516000-7fe4df716000 rw-p 00000000 00:00 0 
7fe4df716000-7fe4df916000 rw-p 00000000 00:00 0 
7fe4df916000-7fe4dfb16000 rw-p 00000000 00:00 0 
7fe4dfb16000-7fe4dfd16000 rw-p 00000000 00:00 0 
7fe4e0000000-7fe4e0638000 rw-p 00000000 00:00 0 
7fe4e0638000-7fe4e4000000 ---p 00000000 00:00 0 
7fe4e4000000-7fe4e447d000 rw-p 00000000 00:00 0 
7fe4e447d000-7fe4e8000000 ---p 00000000 00:00 0 
7fe4e8000000-7fe4e8708000 rw-p 00000000 00:00 0 
7fe4e8708000-7fe4ec000000 ---p 00000000 00:00 0 
7fe4ec000000-7fe4ec021000 rw-p 00000000 00:00 0 
7fe4ec021000-7fe4f0000000 ---p 00000000 00:00 0 
7fe4f0000000-7fe4f0a79000 rw-p 00000000 00:00 0 
7fe4f0a79000-7fe4f4000000 ---p 00000000 00:00 0 
7fe4f4000000-7fe4f43c1000 rw-p 00000000 00:00 0 
7fe4f43c1000-7fe4f8000000 ---p 00000000 00:00 0 
7fe4f80f1000-7fe4f82f1000 rw-p 00000000 00:00 0 
7fe4f82f1000-7fe4f84f1000 rw-p 00000000 00:00 0 
7fe4f8511000-7fe4f8514000 ---p 00000000 00:00 0 
7fe4f8514000-7fe4f8812000 rw-p 00000000 00:00 0 
7fe4f8afc000-7fe4f8cfc000 rw-p 00000000 00:00 0 
7fe4f8cfc000-7fe4f8efc000 rw-p 00000000 00:00 0 
7fe4f8efc000-7fe4f90fc000 rw-p 00000000 00:00 0 
7fe4f90fc000-7fe4f92fc000 rw-p 00000000 00:00 0 
7fe4f92fc000-7fe4f93e1000 r-xp 00000000 fe:02 17694828                   /tmp/room-74deef9e-6c98-4589-81c6-bd4909dbfd94/sqlite-3.20.1-4383163f-59fd-4fd7-92c2-7b01b002aeb6-libsqlitejdbc.so
7fe4f93e1000-7fe4f95e0000 ---p 000e5000 fe:02 17694828                   /tmp/room-74deef9e-6c98-4589-81c6-bd4909dbfd94/sqlite-3.20.1-4383163f-59fd-4fd7-92c2-7b01b002aeb6-libsqlitejdbc.so
7fe4f95e0000-7fe4f95e5000 rw-p 000e4000 fe:02 17694828                   /tmp/room-74deef9e-6c98-4589-81c6-bd4909dbfd94/sqlite-3.20.1-4383163f-59fd-4fd7-92c2-7b01b002aeb6-libsqlitejdbc.so
7fe4f95e5000-7fe4f97e6000 rw-p 00000000 00:00 0 
7fe4f97e6000-7fe4f99e6000 rw-p 00000000 00:00 0 
7fe4f99e6000-7fe4f9be6000 rw-p 00000000 00:00 0 
7fe4f9be6000-7fe4f9ccb000 r-xp 00000000 fe:02 17694825                   /tmp/room-9989a336-2d8b-4221-a4d8-0d83186e09dd/sqlite-3.20.1-7e1df01b-a3fd-47a5-a1d3-de5e21de9194-libsqlitejdbc.so
7fe4f9ccb000-7fe4f9eca000 ---p 000e5000 fe:02 17694825                   /tmp/room-9989a336-2d8b-4221-a4d8-0d83186e09dd/sqlite-3.20.1-7e1df01b-a3fd-47a5-a1d3-de5e21de9194-libsqlitejdbc.so
7fe4f9eca000-7fe4f9ecf000 rw-p 000e4000 fe:02 17694825                   /tmp/room-9989a336-2d8b-4221-a4d8-0d83186e09dd/sqlite-3.20.1-7e1df01b-a3fd-47a5-a1d3-de5e21de9194-libsqlitejdbc.so
7fe4f9ecf000-7fe4fa0d0000 rw-p 00000000 00:00 0 
7fe4fa0d0000-7fe4fa2d0000 rw-p 00000000 00:00 0 
7fe4fa2d0000-7fe4fa2d3000 ---p 00000000 00:00 0 
7fe4fa2d3000-7fe4fa5d1000 rw-p 00000000 00:00 0 
7fe4fa5d1000-7fe4fa5d4000 ---p 00000000 00:00 0 
7fe4fa5d4000-7fe4fa6d2000 rw-p 00000000 00:00 0 
7fe4fa6d2000-7fe4fa6d5000 ---p 00000000 00:00 0 
7fe4fa6d5000-7fe4fa7d3000 rw-p 00000000 00:00 0 
7fe4fa7d3000-7fe4fa7d6000 ---p 00000000 00:00 0 
7fe4fa7d6000-7fe4faad4000 rw-p 00000000 00:00 0 
7fe4faad4000-7fe4facd4000 rw-p 00000000 00:00 0 
7fe4facf4000-7fe4facf7000 ---p 00000000 00:00 0 
7fe4facf7000-7fe4faff5000 rw-p 00000000 00:00 0 
7fe4faff5000-7fe4fb0da000 r-xp 00000000 fe:02 17694822                   /tmp/room-63ccd196-3eba-47eb-83c1-42080c43bd30/sqlite-3.20.1-6a2d6e32-0038-4bd0-82a6-6750268ca4a3-libsqlitejdbc.so
7fe4fb0da000-7fe4fb2d9000 ---p 000e5000 fe:02 17694822                   /tmp/room-63ccd196-3eba-47eb-83c1-42080c43bd30/sqlite-3.20.1-6a2d6e32-0038-4bd0-82a6-6750268ca4a3-libsqlitejdbc.so
7fe4fb2d9000-7fe4fb2de000 rw-p 000e4000 fe:02 17694822                   /tmp/room-63ccd196-3eba-47eb-83c1-42080c43bd30/sqlite-3.20.1-6a2d6e32-0038-4bd0-82a6-6750268ca4a3-libsqlitejdbc.so
7fe4fb2de000-7fe4fb4df000 rw-p 00000000 00:00 0 
7fe4fb4df000-7fe4fb6df000 rw-p 00000000 00:00 0 
7fe4fb6df000-7fe4fb8df000 rw-p 00000000 00:00 0 
7fe4fb8df000-7fe4fbadf000 rw-p 00000000 00:00 0 
7fe4fbadf000-7fe4fbcdf000 rw-p 00000000 00:00 0 
7fe4fbcdf000-7fe4fbedf000 rw-p 00000000 00:00 0 
7fe4fbeff000-7fe4fbf02000 ---p 00000000 00:00 0 
7fe4fbf02000-7fe4fc000000 rw-p 00000000 00:00 0 
7fe4fc000000-7fe4fc84f000 rw-p 00000000 00:00 0 
7fe4fc84f000-7fe500000000 ---p 00000000 00:00 0 
7fe500000000-7fe500021000 rw-p 00000000 00:00 0 
7fe500021000-7fe504000000 ---p 00000000 00:00 0 
7fe504000000-7fe504021000 rw-p 00000000 00:00 0 
7fe504021000-7fe508000000 ---p 00000000 00:00 0 
7fe508000000-7fe5096a4000 rw-p 00000000 00:00 0 
7fe5096a4000-7fe50c000000 ---p 00000000 00:00 0 
7fe50c000000-7fe50c021000 rw-p 00000000 00:00 0 
7fe50c021000-7fe510000000 ---p 00000000 00:00 0 
7fe510000000-7fe5107d3000 rw-p 00000000 00:00 0 
7fe5107d3000-7fe514000000 ---p 00000000 00:00 0 
7fe514000000-7fe5148f6000 rw-p 00000000 00:00 0 
7fe5148f6000-7fe518000000 ---p 00000000 00:00 0 
7fe518000000-7fe518021000 rw-p 00000000 00:00 0 
7fe518021000-7fe51c000000 ---p 00000000 00:00 0 
7fe51c000000-7fe51c021000 rw-p 00000000 00:00 0 
7fe51c021000-7fe520000000 ---p 00000000 00:00 0 
7fe520000000-7fe520021000 rw-p 00000000 00:00 0 
7fe520021000-7fe524000000 ---p 00000000 00:00 0 
7fe524000000-7fe524021000 rw-p 00000000 00:00 0 
7fe524021000-7fe528000000 ---p 00000000 00:00 0 
7fe528000000-7fe528021000 rw-p 00000000 00:00 0 
7fe528021000-7fe52c000000 ---p 00000000 00:00 0 
7fe52c000000-7fe52e68a000 rw-p 00000000 00:00 0 
7fe52e68a000-7fe530000000 ---p 00000000 00:00 0 
7fe530000000-7fe53168b000 rw-p 00000000 00:00 0 
7fe53168b000-7fe534000000 ---p 00000000 00:00 0 
7fe534000000-7fe534021000 rw-p 00000000 00:00 0 
7fe534021000-7fe538000000 ---p 00000000 00:00 0 
7fe538000000-7fe53a2d8000 rw-p 00000000 00:00 0 
7fe53a2d8000-7fe53c000000 ---p 00000000 00:00 0 
7fe53c000000-7fe53c021000 rw-p 00000000 00:00 0 
7fe53c021000-7fe540000000 ---p 00000000 00:00 0 
7fe540000000-7fe540048000 rw-p 00000000 00:00 0 
7fe540048000-7fe544000000 ---p 00000000 00:00 0 
7fe544000000-7fe544035000 rw-p 00000000 00:00 0 
7fe544035000-7fe548000000 ---p 00000000 00:00 0 
7fe548000000-7fe54824a000 rw-p 00000000 00:00 0 
7fe54824a000-7fe54c000000 ---p 00000000 00:00 0 
7fe54c000000-7fe54c021000 rw-p 00000000 00:00 0 
7fe54c021000-7fe550000000 ---p 00000000 00:00 0 
7fe550076000-7fe550276000 rw-p 00000000 00:00 0 
7fe550276000-7fe550279000 ---p 00000000 00:00 0 
7fe550279000-7fe550577000 rw-p 00000000 00:00 0 
7fe550661000-7fe550861000 rw-p 00000000 00:00 0 
7fe550861000-7fe550a61000 rw-p 00000000 00:00 0 
7fe550a61000-7fe550c61000 rw-p 00000000 00:00 0 
7fe550c61000-7fe550e61000 rw-p 00000000 00:00 0 
7fe550e61000-7fe551061000 rw-p 00000000 00:00 0 
7fe551061000-7fe551261000 rw-p 00000000 00:00 0 
7fe551261000-7fe551461000 rw-p 00000000 00:00 0 
7fe551461000-7fe551661000 rw-p 00000000 00:00 0 
7fe551661000-7fe551861000 rw-p 00000000 00:00 0 
7fe551861000-7fe551a61000 rw-p 00000000 00:00 0 
7fe551a61000-7fe551c61000 rw-p 00000000 00:00 0 
7fe551c61000-7fe551e61000 rw-p 00000000 00:00 0 
7fe551e61000-7fe552061000 rw-p 00000000 00:00 0 
7fe552061000-7fe552261000 rw-p 00000000 00:00 0 
7fe552261000-7fe552461000 rw-p 00000000 00:00 0 
7fe5524d9000-7fe5526d9000 rw-p 00000000 00:00 0 
7fe5526d9000-7fe5528d9000 rw-p 00000000 00:00 0 
7fe5528f9000-7fe5528fc000 ---p 00000000 00:00 0 
7fe5528fc000-7fe552bfa000 rw-p 00000000 00:00 0 
7fe552bfa000-7fe552dfa000 rw-p 00000000 00:00 0 
7fe552dfa000-7fe552ffa000 rw-p 00000000 00:00 0 
7fe552ffa000-7fe5531fa000 rw-p 00000000 00:00 0 
7fe5531fa000-7fe5533fa000 rw-p 00000000 00:00 0 
7fe5533fa000-7fe5535fa000 rw-p 00000000 00:00 0 
7fe5535fa000-7fe5537fa000 rw-p 00000000 00:00 0 
7fe5537fa000-7fe5537fd000 ---p 00000000 00:00 0 
7fe5537fd000-7fe5538fb000 rw-p 00000000 00:00 0 
7fe5538fb000-7fe5538fe000 ---p 00000000 00:00 0 
7fe5538fe000-7fe5539fc000 rw-p 00000000 00:00 0 
7fe5539fc000-7fe5539ff000 ---p 00000000 00:00 0 
7fe5539ff000-7fe553cfd000 rw-p 00000000 00:00 0 
7fe553cfd000-7fe553d00000 ---p 00000000 00:00 0 
7fe553d00000-7fe553dfe000 rw-p 00000000 00:00 0 
7fe553dfe000-7fe553e01000 ---p 00000000 00:00 0 
7fe553e01000-7fe553eff000 rw-p 00000000 00:00 0 
7fe553eff000-7fe553f02000 ---p 00000000 00:00 0 
7fe553f02000-7fe554000000 rw-p 00000000 00:00 0 
7fe554000000-7fe554296000 rw-p 00000000 00:00 0 
7fe554296000-7fe558000000 ---p 00000000 00:00 0 
7fe558053000-7fe55805a000 r--s 00050000 fe:02 34737610                   /home/ryazu/.gradle/caches/modules-2/files-2.1/org.jetbrains.kotlin/kotlin-annotation-processing-gradle/1.3.20/34b6ca42fa3beff47b58a972f32255e2594cdec3/kotlin-annotation-processing-gradle-1.3.20.jar
7fe55805a000-7fe558062000 r--s 0004d000 fe:02 34737614                   /home/ryazu/.gradle/caches/modules-2/files-2.1/org.jetbrains.kotlin/kotlin-android-extensions/1.3.20/b1016507a951b0cfaae431079ec0ac6847d56d8c/kotlin-android-extensions-1.3.20.jar
7fe558062000-7fe558065000 ---p 00000000 00:00 0 
7fe558065000-7fe558163000 rw-p 00000000 00:00 0 
7fe558163000-7fe558166000 ---p 00000000 00:00 0 
7fe558166000-7fe558264000 rw-p 00000000 00:00 0 
7fe558264000-7fe558267000 ---p 00000000 00:00 0 
7fe558267000-7fe558365000 rw-p 00000000 00:00 0 
7fe558365000-7fe55836a000 r--s 0009a000 fe:02 1573444                    /nix/store/hzcssl60d0wh59z3vbd1a9vpgh8f3nym-android-studio-stable-3.3.1.0/jre/jre/lib/jsse.jar
7fe55836a000-7fe5583e3000 r--s 010fd000 fe:02 1573485                    /nix/store/hzcssl60d0wh59z3vbd1a9vpgh8f3nym-android-studio-stable-3.3.1.0/jre/lib/tools.jar
7fe5583e3000-7fe5583ea000 r--s 0001f000 fe:02 34737638                   /home/ryazu/.gradle/caches/modules-2/files-2.1/org.jetbrains.kotlin/kotlin-stdlib-common/1.3.20/7d7934e26ce34da1a0a8d00e38038d7cf3375e89/kotlin-stdlib-common-1.3.20.jar
7fe5583ea000-7fe558400000 r-xp 00000000 fe:02 1573378                    /nix/store/hzcssl60d0wh59z3vbd1a9vpgh8f3nym-android-studio-stable-3.3.1.0/jre/jre/lib/amd64/libnet.so
7fe558400000-7fe5585ff000 ---p 00016000 fe:02 1573378                    /nix/store/hzcssl60d0wh59z3vbd1a9vpgh8f3nym-android-studio-stable-3.3.1.0/jre/jre/lib/amd64/libnet.so
7fe5585ff000-7fe558600000 r--p 00015000 fe:02 1573378                    /nix/store/hzcssl60d0wh59z3vbd1a9vpgh8f3nym-android-studio-stable-3.3.1.0/jre/jre/lib/amd64/libnet.so
7fe558600000-7fe558601000 rw-p 00016000 fe:02 1573378                    /nix/store/hzcssl60d0wh59z3vbd1a9vpgh8f3nym-android-studio-stable-3.3.1.0/jre/jre/lib/amd64/libnet.so
7fe558601000-7fe558612000 r-xp 00000000 fe:02 1573379                    /nix/store/hzcssl60d0wh59z3vbd1a9vpgh8f3nym-android-studio-stable-3.3.1.0/jre/jre/lib/amd64/libnio.so
7fe558612000-7fe558811000 ---p 00011000 fe:02 1573379                    /nix/store/hzcssl60d0wh59z3vbd1a9vpgh8f3nym-android-studio-stable-3.3.1.0/jre/jre/lib/amd64/libnio.so
7fe558811000-7fe558812000 r--p 00010000 fe:02 1573379                    /nix/store/hzcssl60d0wh59z3vbd1a9vpgh8f3nym-android-studio-stable-3.3.1.0/jre/jre/lib/amd64/libnio.so
7fe558812000-7fe558813000 rw-p 00011000 fe:02 1573379                    /nix/store/hzcssl60d0wh59z3vbd1a9vpgh8f3nym-android-studio-stable-3.3.1.0/jre/jre/lib/amd64/libnio.so
7fe558813000-7fe55881c000 r-xp 00000000 fe:02 1573376                    /nix/store/hzcssl60d0wh59z3vbd1a9vpgh8f3nym-android-studio-stable-3.3.1.0/jre/jre/lib/amd64/libmanagement.so
7fe55881c000-7fe558a1b000 ---p 00009000 fe:02 1573376                    /nix/store/hzcssl60d0wh59z3vbd1a9vpgh8f3nym-android-studio-stable-3.3.1.0/jre/jre/lib/amd64/libmanagement.so
7fe558a1b000-7fe558a1c000 r--p 00008000 fe:02 1573376                    /nix/store/hzcssl60d0wh59z3vbd1a9vpgh8f3nym-android-studio-stable-3.3.1.0/jre/jre/lib/amd64/libmanagement.so
7fe558a1c000-7fe558a1d000 rw-p 00009000 fe:02 1573376                    /nix/store/hzcssl60d0wh59z3vbd1a9vpgh8f3nym-android-studio-stable-3.3.1.0/jre/jre/lib/amd64/libmanagement.so
7fe558a1d000-7fe558bfc000 r--s 01b18000 fe:02 34737650                   /home/ryazu/.gradle/caches/modules-2/files-2.1/org.jetbrains.kotlin/kotlin-compiler-embeddable/1.3.20/ee2efe0fdd12b607e3ac01dd79da99a168ac85c5/kotlin-compiler-embeddable-1.3.20.jar
7fe558bfc000-7fe558bfd000 ---p 00000000 00:00 0 
7fe558bfd000-7fe558cfd000 rw-p 00000000 00:00 0 
7fe558cfd000-7fe558d00000 ---p 00000000 00:00 0 
7fe558d00000-7fe558dfe000 rw-p 00000000 00:00 0 
7fe558dfe000-7fe558dff000 ---p 00000000 00:00 0 
7fe558dff000-7fe558e02000 ---p 00000000 00:00 0 
7fe558e02000-7fe558eff000 rw-p 00000000 00:00 0 
7fe558eff000-7fe558f00000 ---p 00000000 00:00 0 
7fe558f00000-7fe558f03000 ---p 00000000 00:00 0 
7fe558f03000-7fe55c000000 rw-p 00000000 00:00 0 
7fe55c000000-7fe55c023000 rw-p 00000000 00:00 0 
7fe55c023000-7fe560000000 ---p 00000000 00:00 0 
7fe560000000-7fe56000b000 r--s 00081000 fe:02 34737642                   /home/ryazu/.gradle/caches/modules-2/files-2.1/org.jetbrains.intellij.deps/trove4j/1.0.20181211/216c2e14b070f334479d800987affe4054cd563f/trove4j-1.0.20181211.jar
7fe56000b000-7fe560026000 r--s 00394000 fe:02 1573404                    /nix/store/hzcssl60d0wh59z3vbd1a9vpgh8f3nym-android-studio-stable-3.3.1.0/jre/jre/lib/ext/cldrdata.jar
7fe560026000-7fe560039000 r--s 0010f000 fe:02 34737618                   /home/ryazu/.gradle/caches/modules-2/files-2.1/org.jetbrains.kotlin/kotlin-stdlib/1.3.20/eb2a232734e09fcd1b958a5c7520a93c6de38b32/kotlin-stdlib-1.3.20.jar
7fe560039000-7fe560070000 r--s 00255000 fe:02 34737626                   /home/ryazu/.gradle/caches/modules-2/files-2.1/org.jetbrains.kotlin/kotlin-reflect/1.3.20/cd49eec32cf964333faf59e04b4085eac7008477/kotlin-reflect-1.3.20.jar
7fe560070000-7fe5600b1000 rw-p 00000000 00:00 0 
7fe5600b1000-7fe5600b2000 ---p 00000000 00:00 0 
7fe5600b2000-7fe5600b5000 ---p 00000000 00:00 0 
7fe5600b5000-7fe5601b2000 rw-p 00000000 00:00 0 
7fe5601b2000-7fe5601b5000 ---p 00000000 00:00 0 
7fe5601b5000-7fe5602b3000 rw-p 00000000 00:00 0 
7fe5602b3000-7fe560471000 r--p 00000000 fe:02 5640068                    /nix/store/681354n3k44r8z90m35hm8945vsp95h1-glibc-2.27/lib/locale/locale-archive
7fe560471000-7fe560474000 ---p 00000000 00:00 0 
7fe560474000-7fe560572000 rw-p 00000000 00:00 0 
7fe560572000-7fe560575000 ---p 00000000 00:00 0 
7fe560575000-7fe560673000 rw-p 00000000 00:00 0 
7fe560673000-7fe560674000 ---p 00000000 00:00 0 
7fe560674000-7fe561000000 rw-p 00000000 00:00 0 
7fe561000000-7fe566240000 rwxp 00000000 00:00 0 
7fe566240000-7fe570000000 ---p 00000000 00:00 0 
7fe570000000-7fe570441000 rw-p 00000000 00:00 0 
7fe570441000-7fe574000000 ---p 00000000 00:00 0 
7fe574000000-7fe574002000 r--s 00003000 fe:02 34473210                   /home/ryazu/.gradle/caches/modules-2/files-2.1/org.jetbrains/annotations/13.0/919f0dfe192fb4e063e7dacadee7f8bb9a2672a9/annotations-13.0.jar
7fe574002000-7fe574004000 r--s 00009000 fe:02 34737640                   /home/ryazu/.gradle/caches/modules-2/files-2.1/org.jetbrains.kotlin/kotlin-script-runtime/1.3.20/312febd3c42137fcc5477e6666d6eec16631b176/kotlin-script-runtime-1.3.20.jar
7fe574004000-7fe57400e000 r--s 00116000 fe:02 1573407                    /nix/store/hzcssl60d0wh59z3vbd1a9vpgh8f3nym-android-studio-stable-3.3.1.0/jre/jre/lib/ext/localedata.jar
7fe57400e000-7fe574784000 rw-p 00000000 00:00 0 
7fe574784000-7fe574955000 r--s 03c88000 fe:02 1573458                    /nix/store/hzcssl60d0wh59z3vbd1a9vpgh8f3nym-android-studio-stable-3.3.1.0/jre/jre/lib/rt.jar
7fe574955000-7fe57556c000 rw-p 00000000 00:00 0 
7fe57556c000-7fe57556d000 ---p 00000000 00:00 0 
7fe57556d000-7fe57566d000 rw-p 00000000 00:00 0 
7fe57566d000-7fe57566e000 ---p 00000000 00:00 0 
7fe57566e000-7fe57576e000 rw-p 00000000 00:00 0 
7fe57576e000-7fe57576f000 ---p 00000000 00:00 0 
7fe57576f000-7fe57586f000 rw-p 00000000 00:00 0 
7fe57586f000-7fe575870000 ---p 00000000 00:00 0 
7fe575870000-7fe575a01000 rw-p 00000000 00:00 0 
7fe575a01000-7fe575b70000 ---p 00000000 00:00 0 
7fe575b70000-7fe575c01000 rw-p 00000000 00:00 0 
7fe575c01000-7fe575d70000 ---p 00000000 00:00 0 
7fe575d70000-7fe575e70000 rw-p 00000000 00:00 0 
7fe575e70000-7fe575fba000 rw-p 00000000 00:00 0 
7fe575fba000-7fe576231000 ---p 00000000 00:00 0 
7fe576231000-7fe57624b000 r-xp 00000000 fe:02 1573387                    /nix/store/hzcssl60d0wh59z3vbd1a9vpgh8f3nym-android-studio-stable-3.3.1.0/jre/jre/lib/amd64/libzip.so
7fe57624b000-7fe57644a000 ---p 0001a000 fe:02 1573387                    /nix/store/hzcssl60d0wh59z3vbd1a9vpgh8f3nym-android-studio-stable-3.3.1.0/jre/jre/lib/amd64/libzip.so
7fe57644a000-7fe57644b000 r--p 00019000 fe:02 1573387                    /nix/store/hzcssl60d0wh59z3vbd1a9vpgh8f3nym-android-studio-stable-3.3.1.0/jre/jre/lib/amd64/libzip.so
7fe57644b000-7fe57644c000 rw-p 0001a000 fe:02 1573387                    /nix/store/hzcssl60d0wh59z3vbd1a9vpgh8f3nym-android-studio-stable-3.3.1.0/jre/jre/lib/amd64/libzip.so
7fe57644c000-7fe576454000 rw-s 00000000 fe:02 17694779                   /tmp/hsperfdata_ryazu/8024
7fe576454000-7fe576489000 r--s 00000000 00:14 23125                      /run/nscd/db5Da5F7 (deleted)
7fe576489000-7fe57648a000 rw-p 00000000 00:00 0 
7fe57648a000-7fe57648b000 ---p 00000000 00:00 0 
7fe57648b000-7fe5764b8000 r-xp 00000000 fe:02 1573366                    /nix/store/hzcssl60d0wh59z3vbd1a9vpgh8f3nym-android-studio-stable-3.3.1.0/jre/jre/lib/amd64/libjava.so
7fe5764b8000-7fe5766b7000 ---p 0002d000 fe:02 1573366                    /nix/store/hzcssl60d0wh59z3vbd1a9vpgh8f3nym-android-studio-stable-3.3.1.0/jre/jre/lib/amd64/libjava.so
7fe5766b7000-7fe5766b8000 r--p 0002c000 fe:02 1573366                    /nix/store/hzcssl60d0wh59z3vbd1a9vpgh8f3nym-android-studio-stable-3.3.1.0/jre/jre/lib/amd64/libjava.so
7fe5766b8000-7fe5766ba000 rw-p 0002d000 fe:02 1573366                    /nix/store/hzcssl60d0wh59z3vbd1a9vpgh8f3nym-android-studio-stable-3.3.1.0/jre/jre/lib/amd64/libjava.so
7fe5766ba000-7fe5766cb000 r-xp 00000000 fe:02 1573386                    /nix/store/hzcssl60d0wh59z3vbd1a9vpgh8f3nym-android-studio-stable-3.3.1.0/jre/jre/lib/amd64/libverify.so
7fe5766cb000-7fe5768ca000 ---p 00011000 fe:02 1573386                    /nix/store/hzcssl60d0wh59z3vbd1a9vpgh8f3nym-android-studio-stable-3.3.1.0/jre/jre/lib/amd64/libverify.so
7fe5768ca000-7fe5768cc000 r--p 00010000 fe:02 1573386                    /nix/store/hzcssl60d0wh59z3vbd1a9vpgh8f3nym-android-studio-stable-3.3.1.0/jre/jre/lib/amd64/libverify.so
7fe5768cc000-7fe5768cd000 rw-p 00012000 fe:02 1573386                    /nix/store/hzcssl60d0wh59z3vbd1a9vpgh8f3nym-android-studio-stable-3.3.1.0/jre/jre/lib/amd64/libverify.so
7fe5768cd000-7fe5768cf000 r--p 00000000 fe:02 5640058                    /nix/store/681354n3k44r8z90m35hm8945vsp95h1-glibc-2.27/lib/librt-2.27.so
7fe5768cf000-7fe5768d3000 r-xp 00002000 fe:02 5640058                    /nix/store/681354n3k44r8z90m35hm8945vsp95h1-glibc-2.27/lib/librt-2.27.so
7fe5768d3000-7fe5768d5000 r--p 00006000 fe:02 5640058                    /nix/store/681354n3k44r8z90m35hm8945vsp95h1-glibc-2.27/lib/librt-2.27.so
7fe5768d5000-7fe5768d6000 r--p 00007000 fe:02 5640058                    /nix/store/681354n3k44r8z90m35hm8945vsp95h1-glibc-2.27/lib/librt-2.27.so
7fe5768d6000-7fe5768d7000 rw-p 00008000 fe:02 5640058                    /nix/store/681354n3k44r8z90m35hm8945vsp95h1-glibc-2.27/lib/librt-2.27.so
7fe5768d7000-7fe5768d8000 ---p 00000000 00:00 0 
7fe5768d8000-7fe5768db000 ---p 00000000 00:00 0 
7fe5768db000-7fe5769d8000 rw-p 00000000 00:00 0 
7fe5769d8000-7fe5769e4000 r--p 00000000 fe:02 5639444                    /nix/store/681354n3k44r8z90m35hm8945vsp95h1-glibc-2.27/lib/libm-2.27.so
7fe5769e4000-7fe576a97000 r-xp 0000c000 fe:02 5639444                    /nix/store/681354n3k44r8z90m35hm8945vsp95h1-glibc-2.27/lib/libm-2.27.so
7fe576a97000-7fe576b6c000 r--p 000bf000 fe:02 5639444                    /nix/store/681354n3k44r8z90m35hm8945vsp95h1-glibc-2.27/lib/libm-2.27.so
7fe576b6c000-7fe576b6d000 r--p 00193000 fe:02 5639444                    /nix/store/681354n3k44r8z90m35hm8945vsp95h1-glibc-2.27/lib/libm-2.27.so
7fe576b6d000-7fe576b6e000 rw-p 00194000 fe:02 5639444                    /nix/store/681354n3k44r8z90m35hm8945vsp95h1-glibc-2.27/lib/libm-2.27.so
7fe576b6e000-7fe5777da000 r-xp 00000000 fe:02 1573391                    /nix/store/hzcssl60d0wh59z3vbd1a9vpgh8f3nym-android-studio-stable-3.3.1.0/jre/jre/lib/amd64/server/libjvm.so
7fe5777da000-7fe5779da000 ---p 00c6c000 fe:02 1573391                    /nix/store/hzcssl60d0wh59z3vbd1a9vpgh8f3nym-android-studio-stable-3.3.1.0/jre/jre/lib/amd64/server/libjvm.so
7fe5779da000-7fe577a6e000 r--p 00c6c000 fe:02 1573391                    /nix/store/hzcssl60d0wh59z3vbd1a9vpgh8f3nym-android-studio-stable-3.3.1.0/jre/jre/lib/amd64/server/libjvm.so
7fe577a6e000-7fe577a96000 rw-p 00d00000 fe:02 1573391                    /nix/store/hzcssl60d0wh59z3vbd1a9vpgh8f3nym-android-studio-stable-3.3.1.0/jre/jre/lib/amd64/server/libjvm.so
7fe577a96000-7fe577aca000 rw-p 00000000 00:00 0 
7fe577aca000-7fe577aec000 r--p 00000000 fe:02 5639429                    /nix/store/681354n3k44r8z90m35hm8945vsp95h1-glibc-2.27/lib/libc-2.27.so
7fe577aec000-7fe577c29000 r-xp 00022000 fe:02 5639429                    /nix/store/681354n3k44r8z90m35hm8945vsp95h1-glibc-2.27/lib/libc-2.27.so
7fe577c29000-7fe577c76000 r--p 0015f000 fe:02 5639429                    /nix/store/681354n3k44r8z90m35hm8945vsp95h1-glibc-2.27/lib/libc-2.27.so
7fe577c76000-7fe577c7a000 r--p 001ab000 fe:02 5639429                    /nix/store/681354n3k44r8z90m35hm8945vsp95h1-glibc-2.27/lib/libc-2.27.so
7fe577c7a000-7fe577c7c000 rw-p 001af000 fe:02 5639429                    /nix/store/681354n3k44r8z90m35hm8945vsp95h1-glibc-2.27/lib/libc-2.27.so
7fe577c7c000-7fe577c80000 rw-p 00000000 00:00 0 
7fe577c80000-7fe577c81000 r--p 00000000 fe:02 5639439                    /nix/store/681354n3k44r8z90m35hm8945vsp95h1-glibc-2.27/lib/libdl-2.27.so
7fe577c81000-7fe577c82000 r-xp 00001000 fe:02 5639439                    /nix/store/681354n3k44r8z90m35hm8945vsp95h1-glibc-2.27/lib/libdl-2.27.so
7fe577c82000-7fe577c83000 r--p 00002000 fe:02 5639439                    /nix/store/681354n3k44r8z90m35hm8945vsp95h1-glibc-2.27/lib/libdl-2.27.so
7fe577c83000-7fe577c84000 r--p 00002000 fe:02 5639439                    /nix/store/681354n3k44r8z90m35hm8945vsp95h1-glibc-2.27/lib/libdl-2.27.so
7fe577c84000-7fe577c85000 rw-p 00003000 fe:02 5639439                    /nix/store/681354n3k44r8z90m35hm8945vsp95h1-glibc-2.27/lib/libdl-2.27.so
7fe577c85000-7fe577c87000 rw-p 00000000 00:00 0 
7fe577c87000-7fe577c9d000 r-xp 00000000 fe:02 1573352                    /nix/store/hzcssl60d0wh59z3vbd1a9vpgh8f3nym-android-studio-stable-3.3.1.0/jre/jre/lib/amd64/jli/libjli.so
7fe577c9d000-7fe577e9d000 ---p 00016000 fe:02 1573352                    /nix/store/hzcssl60d0wh59z3vbd1a9vpgh8f3nym-android-studio-stable-3.3.1.0/jre/jre/lib/amd64/jli/libjli.so
7fe577e9d000-7fe577e9e000 r--p 00016000 fe:02 1573352                    /nix/store/hzcssl60d0wh59z3vbd1a9vpgh8f3nym-android-studio-stable-3.3.1.0/jre/jre/lib/amd64/jli/libjli.so
7fe577e9e000-7fe577e9f000 rw-p 00017000 fe:02 1573352                    /nix/store/hzcssl60d0wh59z3vbd1a9vpgh8f3nym-android-studio-stable-3.3.1.0/jre/jre/lib/amd64/jli/libjli.so
7fe577e9f000-7fe577ea5000 r--p 00000000 fe:02 5640051                    /nix/store/681354n3k44r8z90m35hm8945vsp95h1-glibc-2.27/lib/libpthread-2.27.so
7fe577ea5000-7fe577eb4000 r-xp 00006000 fe:02 5640051                    /nix/store/681354n3k44r8z90m35hm8945vsp95h1-glibc-2.27/lib/libpthread-2.27.so
7fe577eb4000-7fe577eba000 r--p 00015000 fe:02 5640051                    /nix/store/681354n3k44r8z90m35hm8945vsp95h1-glibc-2.27/lib/libpthread-2.27.so
7fe577eba000-7fe577ebb000 r--p 0001a000 fe:02 5640051                    /nix/store/681354n3k44r8z90m35hm8945vsp95h1-glibc-2.27/lib/libpthread-2.27.so
7fe577ebb000-7fe577ebc000 rw-p 0001b000 fe:02 5640051                    /nix/store/681354n3k44r8z90m35hm8945vsp95h1-glibc-2.27/lib/libpthread-2.27.so
7fe577ebc000-7fe577ec2000 rw-p 00000000 00:00 0 
7fe577ec2000-7fe577ec5000 r--p 00000000 00:00 0                          [vvar]
7fe577ec5000-7fe577ec7000 r-xp 00000000 00:00 0                          [vdso]
7fe577ec7000-7fe577ec8000 r--p 00000000 fe:02 5639420                    /nix/store/681354n3k44r8z90m35hm8945vsp95h1-glibc-2.27/lib/ld-2.27.so
7fe577ec8000-7fe577ee5000 r-xp 00001000 fe:02 5639420                    /nix/store/681354n3k44r8z90m35hm8945vsp95h1-glibc-2.27/lib/ld-2.27.so
7fe577ee5000-7fe577eed000 r--p 0001e000 fe:02 5639420                    /nix/store/681354n3k44r8z90m35hm8945vsp95h1-glibc-2.27/lib/ld-2.27.so
7fe577eed000-7fe577eee000 r--p 00025000 fe:02 5639420                    /nix/store/681354n3k44r8z90m35hm8945vsp95h1-glibc-2.27/lib/ld-2.27.so
7fe577eee000-7fe577eef000 rw-p 00026000 fe:02 5639420                    /nix/store/681354n3k44r8z90m35hm8945vsp95h1-glibc-2.27/lib/ld-2.27.so
7fe577eef000-7fe577ef0000 rw-p 00000000 00:00 0 
7ffcc71d7000-7ffcc71fb000 rw-p 00000000 00:00 0                          [stack]
ffffffffff600000-ffffffffff601000 r-xp 00000000 00:00 0                  [vsyscall]

VM Arguments:
jvm_args: -Djava.awt.headless=true -Djava.rmi.server.hostname=127.0.0.1 -Xmx1536m -Dkotlin.environment.keepalive 
java_command: org.jetbrains.kotlin.daemon.KotlinCompileDaemon --daemon-runFilesPath /home/ryazu/.local/share/kotlin/daemon --daemon-autoshutdownIdleSeconds=7200 --daemon-compilerClasspath /home/ryazu/.gradle/caches/modules-2/files-2.1/org.jetbrains.kotlin/kotlin-compiler-embeddable/1.3.20/ee2efe0fdd12b607e3ac01dd79da99a168ac85c5/kotlin-compiler-embeddable-1.3.20.jar:/home/ryazu/.gradle/caches/modules-2/files-2.1/org.jetbrains.kotlin/kotlin-reflect/1.3.20/cd49eec32cf964333faf59e04b4085eac7008477/kotlin-reflect-1.3.20.jar:/home/ryazu/.gradle/caches/modules-2/files-2.1/org.jetbrains.kotlin/kotlin-stdlib/1.3.20/eb2a232734e09fcd1b958a5c7520a93c6de38b32/kotlin-stdlib-1.3.20.jar:/home/ryazu/.gradle/caches/modules-2/files-2.1/org.jetbrains.kotlin/kotlin-script-runtime/1.3.20/312febd3c42137fcc5477e6666d6eec16631b176/kotlin-script-runtime-1.3.20.jar:/home/ryazu/.gradle/caches/modules-2/files-2.1/org.jetbrains.intellij.deps/trove4j/1.0.20181211/216c2e14b070f334479d800987affe4054cd563f/trove4j-1.0.20181211.jar:/home/ryazu/.gradle/caches/modules-2/files-2.1/org.jetbrains.kotlin/kotlin-stdlib-common/1.3.20/7d7934e26ce34da1a0a8d00e38038d7cf3375e89/kotlin-stdlib-common-1.3.20.jar:/home/ryazu/.gradle/caches/modules-2/files-2.1/org.jetbrains/annotations/13.0/919f0dfe192fb4e063e7dacadee7f8bb9a2672a9/annotations-13.0.jar:/nix/store/hzcssl60d0wh59z3vbd1a9vpgh8f3nym-android-studio-stable-3.3.1.0/jre/lib/tools.jar
java_class_path (initial): /home/ryazu/.gradle/caches/modules-2/files-2.1/org.jetbrains.kotlin/kotlin-compiler-embeddable/1.3.20/ee2efe0fdd12b607e3ac01dd79da99a168ac85c5/kotlin-compiler-embeddable-1.3.20.jar:/home/ryazu/.gradle/caches/modules-2/files-2.1/org.jetbrains.kotlin/kotlin-reflect/1.3.20/cd49eec32cf964333faf59e04b4085eac7008477/kotlin-reflect-1.3.20.jar:/home/ryazu/.gradle/caches/modules-2/files-2.1/org.jetbrains.kotlin/kotlin-stdlib/1.3.20/eb2a232734e09fcd1b958a5c7520a93c6de38b32/kotlin-stdlib-1.3.20.jar:/home/ryazu/.gradle/caches/modules-2/files-2.1/org.jetbrains.kotlin/kotlin-script-runtime/1.3.20/312febd3c42137fcc5477e6666d6eec16631b176/kotlin-script-runtime-1.3.20.jar:/home/ryazu/.gradle/caches/modules-2/files-2.1/org.jetbrains.intellij.deps/trove4j/1.0.20181211/216c2e14b070f334479d800987affe4054cd563f/trove4j-1.0.20181211.jar:/home/ryazu/.gradle/caches/modules-2/files-2.1/org.jetbrains.kotlin/kotlin-stdlib-common/1.3.20/7d7934e26ce34da1a0a8d00e38038d7cf3375e89/kotlin-stdlib-common-1.3.20.jar:/home/ryazu/.gradle/caches/modules-2/files-2.1/org.jetbrains/annotations/13.0/919f0dfe192fb4e063e7dacadee7f8bb9a2672a9/annotations-13.0.jar:/nix/store/hzcssl60d0wh59z3vbd1a9vpgh8f3nym-android-studio-stable-3.3.1.0/jre/lib/tools.jar
Launcher Type: SUN_STANDARD

Environment Variables:
PATH=/nix/store/d9s1kq1bnwqgxwcvv4zrc36ysnxg8gv7-coreutils-8.30/bin:/nix/store/krhqmaqal0gklh15rs2bwrqzz8mg9lrn-findutils-4.6.0/bin:/nix/store/wnjv27b3j6jfdl0968xpcymlc7chpqil-gnugrep-3.3/bin:/nix/store/gzr90dn7yygxa40i90wnh7r9g06pfd43-which-2.21/bin:/nix/store/x1khw8x0465xhkv6w31af75syyyxc65j-gnused-4.7/bin:/nix/store/rxlp9s7nvnfb7zd3sv02i3qgdhr9x1by-file-5.35/bin:/nix/store/xpnp5vzicv4g421c8jvlzz5wr6ssnslh-glxinfo-8.4.0/bin:/nix/store/mmmhswqqnw8xb5da9c721v455p59hkym-pciutils-3.6.2/bin:/nix/store/6fzp78h75w9cyzmmk5pkr5q3baf4csh8-setxkbmap-1.3.1/bin:/nix/store/wmxqm38g1y1y7sd7s9vg7an3klffaiyz-gnutar-1.31/bin:/nix/store/ix2q5vnynzfgsi4nqj8pmcbx2kf78wrm-gzip-1.10/bin:/nix/store/534nsg6jzlsrmg4gcnz2qj4ay54kba9w-git-2.19.2/bin
LD_LIBRARY_PATH=/nix/store/5x3m05dcqq8gy6yx5fbxba3r9f4882zk-fontconfig-2.12.6-lib/lib:/nix/store/ycbkq39cngzx19j829qzgdnw3mx3z78g-freetype-2.9.1/lib:/nix/store/v78rchp78xg72mw279h1ng9kpv5yxiqw-libXext-1.3.3/lib:/nix/store/9ixidsbn8x7ylyc37g3xmzwwb8yp0r08-libXi-1.7.9/lib:/nix/store/i2dlicjf92d7v39j72rlmwz1vrsk423r-libXrender-0.9.10/lib:/nix/store/1hkbzc181mz9lk4q7cml16zr9zz5k08m-libXtst-1.2.3/lib:/nix/store/hlnxw4k6931bachvg5sv0cyaissimswb-gcc-7.4.0-lib/lib:/nix/store/glkhqmn3c67ahqskllc5flgradbw308f-gcc-7.4.0-lib/lib:/nix/store/iiymx8j7nlar3gc23lfkcscvr61fng8s-zlib-1.2.11/lib:/nix/store/ry2q0j2ri2cnf0lbx6vd3fic5k73wavn-zlib-1.2.11/lib:/nix/store/5s2wgyzsjjg1yvlh87pr9n10brkbhn05-libXrandr-1.5.1/lib:/nix/store/lcc0zwzy80w9ca47awj4h3pnmr8vq8bn-libpulseaudio-12.2/lib:/nix/store/34w4xc9yvamap4jjfi55hafpqcyladf3-libX11-1.6.7/lib:/nix/store/2yni0rxjcdsl56by9y7m73q2kp9krzv1-libGL-1.0.0/lib:/nix/store/nni7iy7sysrhv5zihs5vrcf1zij7nsm4-gtk+-2.24.32/lib:/nix/store/xi04ngvd0nqxvd35xq1gf9av31rnkcx4-gnome-vfs-2.24.4/lib:/nix/store/5fcij33f8q8yk127kvl45ydi9z7gmggj-glib-2.58.2/lib:/nix/store/1pb5cyi3av429fp0p9v03y3ckjykz2xr-gconf-3.2.6/lib:/run/opengl-driver/lib:/run/opengl-driver-32/lib:/usr/lib:/usr/lib32
SHELL=/nix/store/mcyvp1s45scjkkhyb1m16aqlsb8wr6hs-bash-interactive-4.4-p23/bin/bash
DISPLAY=:0

Signal Handlers:
SIGSEGV: [libjvm.so+0xa71660], sa_mask[0]=11111111011111111101111111111110, sa_flags=SA_RESTART|SA_SIGINFO
SIGBUS: [libjvm.so+0xa71660], sa_mask[0]=11111111011111111101111111111110, sa_flags=SA_RESTART|SA_SIGINFO
SIGFPE: [libjvm.so+0x8b1770], sa_mask[0]=11111111011111111101111111111110, sa_flags=SA_RESTART|SA_SIGINFO
SIGPIPE: [libjvm.so+0x8b1770], sa_mask[0]=11111111011111111101111111111110, sa_flags=SA_RESTART|SA_SIGINFO
SIGXFSZ: [libjvm.so+0x8b1770], sa_mask[0]=11111111011111111101111111111110, sa_flags=SA_RESTART|SA_SIGINFO
SIGILL: [libjvm.so+0x8b1770], sa_mask[0]=11111111011111111101111111111110, sa_flags=SA_RESTART|SA_SIGINFO
SIGUSR1: SIG_DFL, sa_mask[0]=00000000000000000000000000000000, sa_flags=none
SIGUSR2: [libjvm.so+0x8b1640], sa_mask[0]=00100000000000000000000000000000, sa_flags=SA_RESTART|SA_SIGINFO
SIGHUP: [libjvm.so+0x8b1aa0], sa_mask[0]=11111111011111111101111111111110, sa_flags=SA_RESTART|SA_SIGINFO
SIGINT: [libjvm.so+0x8b1aa0], sa_mask[0]=11111111011111111101111111111110, sa_flags=SA_RESTART|SA_SIGINFO
SIGTERM: [libjvm.so+0x8b1aa0], sa_mask[0]=11111111011111111101111111111110, sa_flags=SA_RESTART|SA_SIGINFO
SIGQUIT: [libjvm.so+0x8b1aa0], sa_mask[0]=11111111011111111101111111111110, sa_flags=SA_RESTART|SA_SIGINFO


---------------  S Y S T E M  ---------------

OS:NAME=NixOS
ID=nixos
VERSION="19.09pre171582.26d8a8c0eb2 (Loris)"
VERSION_CODENAME=loris
VERSION_ID="19.09pre171582.26d8a8c0eb2"
PRETTY_NAME="NixOS 19.09pre171582.26d8a8c0eb2 (Loris)"
LOGO="nix-snowflake"
HOME_URL="https://nixos.org/"
SUPPORT_URL="https://nixos.org/nixos/support.html"
BUG_REPORT_URL="https://github.com/NixOS/nixpkgs/issues"

uname:Linux 4.14.104 #1-NixOS SMP Wed Feb 27 09:08:09 UTC 2019 x86_64
libc:glibc 2.27 NPTL 2.27 
rlimit: STACK 8192k, CORE 0k, NPROC 31254, NOFILE 4096, AS infinity
load average:1.24 1.29 1.86

/proc/meminfo:
MemTotal:        8056760 kB
MemFree:          558264 kB
MemAvailable:     628708 kB
Buffers:           16900 kB
Cached:           670668 kB
SwapCached:        96852 kB
Active:          6171988 kB
Inactive:        1074356 kB
Active(anon):    6039436 kB
Inactive(anon):   943208 kB
Active(file):     132552 kB
Inactive(file):   131148 kB
Unevictable:          64 kB
Mlocked:              64 kB
SwapTotal:      16777212 kB
SwapFree:       16076464 kB
Dirty:               420 kB
Writeback:             0 kB
AnonPages:       6516600 kB
Mapped:           339220 kB
Shmem:            423604 kB
Slab:             107068 kB
SReclaimable:      54000 kB
SUnreclaim:        53068 kB
KernelStack:        9344 kB
PageTables:        26712 kB
NFS_Unstable:          0 kB
Bounce:                0 kB
WritebackTmp:          0 kB
CommitLimit:    20805592 kB
Committed_AS:   10803404 kB
VmallocTotal:   34359738367 kB
VmallocUsed:           0 kB
VmallocChunk:          0 kB
AnonHugePages:   1368064 kB
ShmemHugePages:        0 kB
ShmemPmdMapped:        0 kB
HugePages_Total:       0
HugePages_Free:        0
HugePages_Rsvd:        0
HugePages_Surp:        0
Hugepagesize:       2048 kB
DirectMap4k:      141132 kB
DirectMap2M:     6031360 kB
DirectMap1G:     2097152 kB


CPU:total 4 (initial active 4) (2 cores per cpu, 2 threads per core) family 6 model 69 stepping 1, cmov, cx8, fxsr, mmx, sse, sse2, sse3, ssse3, sse4.1, sse4.2, popcnt, avx, avx2, aes, clmul, erms, lzcnt, ht, tsc, tscinvbit, bmi1, bmi2

/proc/cpuinfo:
processor	: 0
vendor_id	: GenuineIntel
cpu family	: 6
model		: 69
model name	: Intel(R) Core(TM) i5-4210U CPU @ 1.70GHz
stepping	: 1
microcode	: 0x24
cpu MHz		: 2394.448
cache size	: 3072 KB
physical id	: 0
siblings	: 4
core id		: 0
cpu cores	: 2
apicid		: 0
initial apicid	: 0
fpu		: yes
fpu_exception	: yes
cpuid level	: 13
wp		: yes
flags		: fpu vme de pse tsc msr pae mce cx8 apic sep mtrr pge mca cmov pat pse36 clflush dts acpi mmx fxsr sse sse2 ss ht tm pbe syscall nx pdpe1gb rdtscp lm constant_tsc arch_perfmon pebs bts rep_good nopl xtopology nonstop_tsc cpuid aperfmperf pni pclmulqdq dtes64 monitor ds_cpl vmx est tm2 ssse3 sdbg fma cx16 xtpr pdcm pcid sse4_1 sse4_2 movbe popcnt tsc_deadline_timer aes xsave avx f16c rdrand lahf_lm abm cpuid_fault epb invpcid_single pti ssbd ibrs ibpb stibp tpr_shadow vnmi flexpriority ept vpid fsgsbase tsc_adjust bmi1 avx2 smep bmi2 erms invpcid xsaveopt dtherm ida arat pln pts flush_l1d
bugs		: cpu_meltdown spectre_v1 spectre_v2 spec_store_bypass l1tf
bogomips	: 4788.90
clflush size	: 64
cache_alignment	: 64
address sizes	: 39 bits physical, 48 bits virtual
power management:

processor	: 1
vendor_id	: GenuineIntel
cpu family	: 6
model		: 69
model name	: Intel(R) Core(TM) i5-4210U CPU @ 1.70GHz
stepping	: 1
microcode	: 0x24
cpu MHz		: 2394.451
cache size	: 3072 KB
physical id	: 0
siblings	: 4
core id		: 1
cpu cores	: 2
apicid		: 2
initial apicid	: 2
fpu		: yes
fpu_exception	: yes
cpuid level	: 13
wp		: yes
flags		: fpu vme de pse tsc msr pae mce cx8 apic sep mtrr pge mca cmov pat pse36 clflush dts acpi mmx fxsr sse sse2 ss ht tm pbe syscall nx pdpe1gb rdtscp lm constant_tsc arch_perfmon pebs bts rep_good nopl xtopology nonstop_tsc cpuid aperfmperf pni pclmulqdq dtes64 monitor ds_cpl vmx est tm2 ssse3 sdbg fma cx16 xtpr pdcm pcid sse4_1 sse4_2 movbe popcnt tsc_deadline_timer aes xsave avx f16c rdrand lahf_lm abm cpuid_fault epb invpcid_single pti ssbd ibrs ibpb stibp tpr_shadow vnmi flexpriority ept vpid fsgsbase tsc_adjust bmi1 avx2 smep bmi2 erms invpcid xsaveopt dtherm ida arat pln pts flush_l1d
bugs		: cpu_meltdown spectre_v1 spectre_v2 spec_store_bypass l1tf
bogomips	: 4788.90
clflush size	: 64
cache_alignment	: 64
address sizes	: 39 bits physical, 48 bits virtual
power management:

processor	: 2
vendor_id	: GenuineIntel
cpu family	: 6
model		: 69
model name	: Intel(R) Core(TM) i5-4210U CPU @ 1.70GHz
stepping	: 1
microcode	: 0x24
cpu MHz		: 2394.450
cache size	: 3072 KB
physical id	: 0
siblings	: 4
core id		: 0
cpu cores	: 2
apicid		: 1
initial apicid	: 1
fpu		: yes
fpu_exception	: yes
cpuid level	: 13
wp		: yes
flags		: fpu vme de pse tsc msr pae mce cx8 apic sep mtrr pge mca cmov pat pse36 clflush dts acpi mmx fxsr sse sse2 ss ht tm pbe syscall nx pdpe1gb rdtscp lm constant_tsc arch_perfmon pebs bts rep_good nopl xtopology nonstop_tsc cpuid aperfmperf pni pclmulqdq dtes64 monitor ds_cpl vmx est tm2 ssse3 sdbg fma cx16 xtpr pdcm pcid sse4_1 sse4_2 movbe popcnt tsc_deadline_timer aes xsave avx f16c rdrand lahf_lm abm cpuid_fault epb invpcid_single pti ssbd ibrs ibpb stibp tpr_shadow vnmi flexpriority ept vpid fsgsbase tsc_adjust bmi1 avx2 smep bmi2 erms invpcid xsaveopt dtherm ida arat pln pts flush_l1d
bugs		: cpu_meltdown spectre_v1 spectre_v2 spec_store_bypass l1tf
bogomips	: 4788.90
clflush size	: 64
cache_alignment	: 64
address sizes	: 39 bits physical, 48 bits virtual
power management:

processor	: 3
vendor_id	: GenuineIntel
cpu family	: 6
model		: 69
model name	: Intel(R) Core(TM) i5-4210U CPU @ 1.70GHz
stepping	: 1
microcode	: 0x24
cpu MHz		: 2394.451
cache size	: 3072 KB
physical id	: 0
siblings	: 4
core id		: 1
cpu cores	: 2
apicid		: 3
initial apicid	: 3
fpu		: yes
fpu_exception	: yes
cpuid level	: 13
wp		: yes
flags		: fpu vme de pse tsc msr pae mce cx8 apic sep mtrr pge mca cmov pat pse36 clflush dts acpi mmx fxsr sse sse2 ss ht tm pbe syscall nx pdpe1gb rdtscp lm constant_tsc arch_perfmon pebs bts rep_good nopl xtopology nonstop_tsc cpuid aperfmperf pni pclmulqdq dtes64 monitor ds_cpl vmx est tm2 ssse3 sdbg fma cx16 xtpr pdcm pcid sse4_1 sse4_2 movbe popcnt tsc_deadline_timer aes xsave avx f16c rdrand lahf_lm abm cpuid_fault epb invpcid_single pti ssbd ibrs ibpb stibp tpr_shadow vnmi flexpriority ept vpid fsgsbase tsc_adjust bmi1 avx2 smep bmi2 erms invpcid xsaveopt dtherm ida arat pln pts flush_l1d
bugs		: cpu_meltdown spectre_v1 spectre_v2 spec_store_bypass l1tf
bogomips	: 4788.90
clflush size	: 64
cache_alignment	: 64
address sizes	: 39 bits physical, 48 bits virtual
power management:



Memory: 4k page, physical 8056760k(558180k free), swap 16777212k(16076464k free)

vm_info: OpenJDK 64-Bit Server VM (25.152-b01) for linux-amd64 JRE (1.8.0_152-release-1248-b01), built by "builder" with gcc 7.3.0

time: Wed Apr 24 12:26:16 2019
elapsed time: 6829 seconds (0d 1h 53m 49s)

